<?xml version="1.0" encoding="UTF-8"?>
<!-- Generated by org.testng.reporters.JUnitReportReporter -->
<testsuite hostname="DESKTOP-EMJJL99" failures="0" tests="2" name="com.actitime.testscript.CustomerModule1" time="0.068" errors="0" timestamp="2023-09-01T18:10:44 IST" skipped="0">
  <testcase classname="com.actitime.testscript.CustomerModule1" name="deleteCustomer" time="0.013">
    <system-out>
      <![CDATA[deleteCustomer]]>
    </system-out>
  </testcase> <!-- deleteCustomer -->
  <testcase classname="com.actitime.testscript.CustomerModule1" name="createCustomer" time="0.055">
    <system-out>
      <![CDATA[createCustomer]]>
    </system-out>
  </testcase> <!-- createCustomer -->
  <system-out>
    <![CDATA[login
createCustomer
logout
login
deleteCustomer
logout]]>
  </system-out>
</testsuite> <!-- com.actitime.testscript.CustomerModule1 -->
