<?xml version="1.0" encoding="UTF-8"?>
<!-- Generated by org.testng.reporters.JUnitReportReporter -->
<testsuite hostname="DESKTOP-EMJJL99" failures="0" tests="3" name="com.actitime.testscript.TaskModule" time="0.020" errors="0" timestamp="2023-09-01T17:20:57 IST" skipped="0">
  <testcase classname="com.actitime.testscript.TaskModule" name="createTask" time="0.011">
    <system-out>
      <![CDATA[createTask]]>
    </system-out>
  </testcase> <!-- createTask -->
  <testcase classname="com.actitime.testscript.TaskModule" name="deleteTaskt" time="0.006">
    <system-out>
      <![CDATA[deleteTask]]>
    </system-out>
  </testcase> <!-- deleteTaskt -->
  <testcase classname="com.actitime.testscript.TaskModule" name="modifyTask" time="0.003">
    <system-out>
      <![CDATA[modifyTask]]>
    </system-out>
  </testcase> <!-- modifyTask -->
  <system-out>
    <![CDATA[createProject
deleteProject
modifyProject
createCustomer
createCustomer
createCustomer
modifyCustomer
deleteCustomer
createTask
deleteTask
modifyTask]]>
  </system-out>
</testsuite> <!-- com.actitime.testscript.TaskModule -->
