<?xml version="1.0" encoding="UTF-8"?>
<!-- Generated by org.testng.reporters.JUnitReportReporter -->
<testsuite hostname="DESKTOP-EMJJL99" failures="0" tests="4" name="com.actitime.testscript.CustomerModule2" time="0.190" errors="0" timestamp="2023-09-01T18:32:03 IST" skipped="0">
  <testcase classname="com.actitime.testscript.CustomerModule2" name="deleteCustomer" time="0.056">
    <system-out>
      <![CDATA[deleteCustomer]]>
    </system-out>
  </testcase> <!-- deleteCustomer -->
  <testcase classname="com.actitime.testscript.CustomerModule2" name="registerCustomer" time="0.069">
    <system-out>
      <![CDATA[registerCustomer]]>
    </system-out>
  </testcase> <!-- registerCustomer -->
  <testcase classname="com.actitime.testscript.CustomerModule2" name="editCustomer" time="0.035">
    <system-out>
      <![CDATA[editCustomer]]>
    </system-out>
  </testcase> <!-- editCustomer -->
  <testcase classname="com.actitime.testscript.CustomerModule2" name="editCustomer" time="0.030">
    <system-out>
      <![CDATA[editCustomer]]>
    </system-out>
  </testcase> <!-- editCustomer -->
  <system-out>
    <![CDATA[login
openBrowser
deleteCustomer
closeBrowser
logout
login
openBrowser
registerCustomer
closeBrowser
logout
login
openBrowser
editCustomer
closeBrowser
logout
login
openBrowser
editCustomer
closeBrowser
logout]]>
  </system-out>
</testsuite> <!-- com.actitime.testscript.CustomerModule2 -->
