<?xml version="1.0" encoding="UTF-8"?>
<!-- Generated by org.testng.reporters.JUnitReportReporter -->
<testsuite hostname="DESKTOP-EMJJL99" failures="0" tests="1" name="com.actitime.testscript.DemoScreenShot" time="28.815" errors="0" timestamp="2023-09-05T09:41:35 IST" skipped="0">
  <testcase classname="com.actitime.testscript.DemoScreenShot" name="testScreenShot" time="28.815"/>
</testsuite> <!-- com.actitime.testscript.DemoScreenShot -->
