<?xml version="1.0" encoding="UTF-8"?>
<!-- Generated by org.testng.reporters.JUnitReportReporter -->
<testsuite hostname="DESKTOP-EMJJL99" failures="0" tests="1" name="com.actitime.testscript.DemoAssertion" time="24.215" errors="0" timestamp="2023-09-01T18:00:35 IST" skipped="0">
  <testcase classname="com.actitime.testscript.DemoAssertion" name="verifyTitle" time="24.215">
    <system-out>
      <![CDATA[title is not matching & fail]]>
    </system-out>
  </testcase> <!-- verifyTitle -->
  <system-out>
    <![CDATA[title is not matching & fail]]>
  </system-out>
</testsuite> <!-- com.actitime.testscript.DemoAssertion -->
