<?xml version="1.0" encoding="UTF-8"?>
<!-- Generated by org.testng.reporters.JUnitReportReporter -->
<testsuite hostname="DESKTOP-EMJJL99" failures="0" tests="1" name="com.actitime.testscript.DemoTestNG" time="0.039" errors="0" timestamp="2023-09-01T16:53:36 IST" skipped="0">
  <testcase classname="com.actitime.testscript.DemoTestNG" name="demo" time="0.039">
    <system-out>
      <![CDATA[welcome to testng]]>
    </system-out>
  </testcase> <!-- demo -->
  <system-out>
    <![CDATA[welcome to testng
createCustomer
createCustomer
createCustomer
modifyCustomer
deleteCustomer]]>
  </system-out>
</testsuite> <!-- com.actitime.testscript.DemoTestNG -->
