<?xml version="1.0" encoding="UTF-8"?>
<!-- Generated by org.testng.reporters.JUnitReportReporter -->
<testsuite hostname="DESKTOP-EMJJL99" failures="0" tests="3" name="com.actitime.testscript.ProjectModule" time="0.046" errors="0" timestamp="2023-09-01T17:20:57 IST" skipped="0">
  <testcase classname="com.actitime.testscript.ProjectModule" name="createProject" time="0.037">
    <system-out>
      <![CDATA[createProject]]>
    </system-out>
  </testcase> <!-- createProject -->
  <testcase classname="com.actitime.testscript.ProjectModule" name="modifyProject" time="0.004">
    <system-out>
      <![CDATA[modifyProject]]>
    </system-out>
  </testcase> <!-- modifyProject -->
  <testcase classname="com.actitime.testscript.ProjectModule" name="deleteProject" time="0.005">
    <system-out>
      <![CDATA[deleteProject]]>
    </system-out>
  </testcase> <!-- deleteProject -->
  <system-out>
    <![CDATA[createProject
deleteProject
modifyProject
createCustomer
createCustomer
createCustomer
modifyCustomer
deleteCustomer
createTask
deleteTask
modifyTask]]>
  </system-out>
</testsuite> <!-- com.actitime.testscript.ProjectModule -->
